#
# There is insufficient memory for the Java Runtime Environment to continue.
# Native memory allocation (malloc) failed to allocate 130816 bytes for Chunk::new
# Possible reasons:
#   The system is out of physical RAM or swap space
#   The process is running with CompressedOops enabled, and the Java Heap may be blocking the growth of the native heap
# Possible solutions:
#   Reduce memory load on the system
#   Increase physical memory or swap space
#   Check if swap backing store is full
#   Decrease Java heap size (-Xmx/-Xms)
#   Decrease number of Java threads
#   Decrease Java thread stack sizes (-Xss)
#   Set larger code cache with -XX:ReservedCodeCacheSize=
#   JVM is running with Unscaled Compressed Oops mode in which the Java heap is
#     placed in the first 4GB address space. The Java Heap base address is the
#     maximum limit for the native heap growth. Please use -XX:HeapBaseMinAddress
#     to set the Java Heap base and to place the Java Heap above 4GB virtual address.
# This output file may be truncated or incomplete.
#
#  Out of Memory Error (allocation.cpp:389), pid=10088, tid=0x0000000000002034
#
# JRE version: Java(TM) SE Runtime Environment (8.0_241-b07) (build 1.8.0_241-b07)
# Java VM: Java HotSpot(TM) 64-Bit Server VM (25.241-b07 mixed mode windows-amd64 compressed oops)
# Failed to write core dump. Minidumps are not enabled by default on client versions of Windows
#

---------------  T H R E A D  ---------------

Current thread (0x0000000016d50000):  JavaThread "C2 CompilerThread1" daemon [_thread_in_native, id=8244, stack(0x0000000018490000,0x0000000018590000)]

Stack: [0x0000000018490000,0x0000000018590000]
[error occurred during error reporting (printing stack bounds), id 0xc0000005]

Native frames: (J=compiled Java code, j=interpreted, Vv=VM code, C=native code)


Current CompileTask:
C2:   2619 1298       4       sun.reflect.generics.parser.SignatureParser::parseIdentifier (115 bytes)


---------------  P R O C E S S  ---------------

Java Threads: ( => current thread )
  0x00000000186b0800 JavaThread "Service Thread" daemon [_thread_blocked, id=9192, stack(0x0000000018a90000,0x0000000018b90000)]
  0x0000000016d51800 JavaThread "C1 CompilerThread2" daemon [_thread_blocked, id=2236, stack(0x0000000018590000,0x0000000018690000)]
=>0x0000000016d50000 JavaThread "C2 CompilerThread1" daemon [_thread_in_native, id=8244, stack(0x0000000018490000,0x0000000018590000)]
  0x0000000016d3f000 JavaThread "C2 CompilerThread0" daemon [_thread_blocked, id=10436, stack(0x0000000018390000,0x0000000018490000)]
  0x0000000016d3b800 JavaThread "Attach Listener" daemon [_thread_blocked, id=8824, stack(0x0000000018290000,0x0000000018390000)]
  0x0000000016d3a000 JavaThread "Signal Dispatcher" daemon [_thread_blocked, id=9440, stack(0x0000000018190000,0x0000000018290000)]
  0x0000000016d2a800 JavaThread "Finalizer" daemon [_thread_blocked, id=9556, stack(0x0000000017f90000,0x0000000018090000)]
  0x0000000002d91000 JavaThread "Reference Handler" daemon [_thread_blocked, id=10948, stack(0x0000000017e90000,0x0000000017f90000)]
  0x0000000002ca1000 JavaThread "main" [_thread_in_vm, id=10476, stack(0x0000000002ba0000,0x0000000002ca0000)]

Other Threads:
  0x0000000016d07800 VMThread [stack: 0x0000000017d90000,0x0000000017e90000] [id=9100]
  0x00000000186d9000 WatcherThread [stack: 0x0000000018b90000,0x0000000018c90000] [id=1176]

VM state:not at safepoint (normal execution)

VM Mutex/Monitor currently owned by a thread: None

heap address: 0x0000000095800000, size: 1704 MB, Compressed Oops mode: 32-bit
Narrow klass base: 0x0000000000000000, Narrow klass shift: 3
Compressed class space size: 1073741824 Address: 0x0000000100000000

Heap:
 PSYoungGen      total 32256K, used 30463K [0x00000000dc800000, 0x00000000e0700000, 0x0000000100000000)
  eden space 27648K, 99% used [0x00000000dc800000,0x00000000de2f9240,0x00000000de300000)
  from space 4608K, 61% used [0x00000000de300000,0x00000000de5c6b90,0x00000000de780000)
  to   space 4608K, 0% used [0x00000000e0280000,0x00000000e0280000,0x00000000e0700000)
 ParOldGen       total 73728K, used 32K [0x0000000095800000, 0x000000009a000000, 0x00000000dc800000)
  object space 73728K, 0% used [0x0000000095800000,0x0000000095808000,0x000000009a000000)
 Metaspace       used 13438K, capacity 13718K, committed 13824K, reserved 1060864K
  class space    used 1663K, capacity 1786K, committed 1792K, reserved 1048576K

Card table byte_map: [0x0000000012160000,0x00000000124c0000] byte_map_base: 0x0000000011cb4000

Marking Bits: (ParMarkBitMap*) 0x000000006ce7be30
 Begin Bits: [0x0000000012b00000, 0x00000000145a0000)
 End Bits:   [0x00000000145a0000, 0x0000000016040000)

Polling page: 0x0000000001180000

CodeCache: size=245760Kb used=4328Kb max_used=4328Kb free=241431Kb
 bounds [0x0000000002da0000, 0x00000000031e0000, 0x0000000011da0000]
 total_blobs=1694 nmethods=1306 adapters=300
 compilation: enabled

Compilation events (10 events):
Event: 2.605 Thread 0x0000000016d51800 nmethod 1299 0x00000000031d8910 code [0x00000000031d8a80, 0x00000000031d8e08]
Event: 2.605 Thread 0x0000000016d51800 1300       3       java.util.HashMap::put (13 bytes)
Event: 2.605 Thread 0x0000000016d51800 nmethod 1300 0x00000000031d8f50 code [0x00000000031d90e0, 0x00000000031d9498]
Event: 2.605 Thread 0x0000000016d51800 1297       1       org.springframework.util.ConcurrentReferenceHashMap$Entry::getValue (5 bytes)
Event: 2.606 Thread 0x0000000016d51800 nmethod 1297 0x00000000031d95d0 code [0x00000000031d9720, 0x00000000031d9830]
Event: 2.607 Thread 0x0000000016d51800 1301       3       java.lang.invoke.MemberName::getInvocationType (56 bytes)
Event: 2.608 Thread 0x0000000016d51800 nmethod 1301 0x00000000031d9890 code [0x00000000031d9a80, 0x00000000031da688]
Event: 2.608 Thread 0x0000000016d51800 1302       3       java.lang.invoke.MemberName$Factory::resolveOrFail (52 bytes)
Event: 2.609 Thread 0x0000000016d51800 nmethod 1302 0x00000000031da990 code [0x00000000031dab60, 0x00000000031db438]
Event: 2.609 Thread 0x0000000016d51800 1304       3       org.springframework.util.ConcurrentReferenceHashMap$Segment::getIndex (7 bytes)

GC Heap History (6 events):
Event: 0.828 GC heap before
{Heap before GC invocations=1 (full 0):
 PSYoungGen      total 32256K, used 27648K [0x00000000dc800000, 0x00000000dec00000, 0x0000000100000000)
  eden space 27648K, 100% used [0x00000000dc800000,0x00000000de300000,0x00000000de300000)
  from space 4608K, 0% used [0x00000000de780000,0x00000000de780000,0x00000000dec00000)
  to   space 4608K, 0% used [0x00000000de300000,0x00000000de300000,0x00000000de780000)
 ParOldGen       total 73728K, used 0K [0x0000000095800000, 0x000000009a000000, 0x00000000dc800000)
  object space 73728K, 0% used [0x0000000095800000,0x0000000095800000,0x000000009a000000)
 Metaspace       used 6442K, capacity 6642K, committed 6784K, reserved 1056768K
  class space    used 720K, capacity 783K, committed 896K, reserved 1048576K
Event: 0.833 GC heap after
Heap after GC invocations=1 (full 0):
 PSYoungGen      total 32256K, used 2203K [0x00000000dc800000, 0x00000000dec00000, 0x0000000100000000)
  eden space 27648K, 0% used [0x00000000dc800000,0x00000000dc800000,0x00000000de300000)
  from space 4608K, 47% used [0x00000000de300000,0x00000000de526ea0,0x00000000de780000)
  to   space 4608K, 0% used [0x00000000de780000,0x00000000de780000,0x00000000dec00000)
 ParOldGen       total 73728K, used 16K [0x0000000095800000, 0x000000009a000000, 0x00000000dc800000)
  object space 73728K, 0% used [0x0000000095800000,0x0000000095804000,0x000000009a000000)
 Metaspace       used 6442K, capacity 6642K, committed 6784K, reserved 1056768K
  class space    used 720K, capacity 783K, committed 896K, reserved 1048576K
}
Event: 1.984 GC heap before
{Heap before GC invocations=2 (full 0):
 PSYoungGen      total 32256K, used 29851K [0x00000000dc800000, 0x00000000dec00000, 0x0000000100000000)
  eden space 27648K, 100% used [0x00000000dc800000,0x00000000de300000,0x00000000de300000)
  from space 4608K, 47% used [0x00000000de300000,0x00000000de526ea0,0x00000000de780000)
  to   space 4608K, 0% used [0x00000000de780000,0x00000000de780000,0x00000000dec00000)
 ParOldGen       total 73728K, used 16K [0x0000000095800000, 0x000000009a000000, 0x00000000dc800000)
  object space 73728K, 0% used [0x0000000095800000,0x0000000095804000,0x000000009a000000)
 Metaspace       used 9152K, capacity 9402K, committed 9728K, reserved 1058816K
  class space    used 1092K, capacity 1167K, committed 1280K, reserved 1048576K
Event: 1.988 GC heap after
Heap after GC invocations=2 (full 0):
 PSYoungGen      total 32256K, used 2570K [0x00000000dc800000, 0x00000000dec00000, 0x0000000100000000)
  eden space 27648K, 0% used [0x00000000dc800000,0x00000000dc800000,0x00000000de300000)
  from space 4608K, 55% used [0x00000000de780000,0x00000000dea02b80,0x00000000dec00000)
  to   space 4608K, 0% used [0x00000000de300000,0x00000000de300000,0x00000000de780000)
 ParOldGen       total 73728K, used 24K [0x0000000095800000, 0x000000009a000000, 0x00000000dc800000)
  object space 73728K, 0% used [0x0000000095800000,0x0000000095806000,0x000000009a000000)
 Metaspace       used 9152K, capacity 9402K, committed 9728K, reserved 1058816K
  class space    used 1092K, capacity 1167K, committed 1280K, reserved 1048576K
}
Event: 2.186 GC heap before
{Heap before GC invocations=3 (full 0):
 PSYoungGen      total 32256K, used 30218K [0x00000000dc800000, 0x00000000dec00000, 0x0000000100000000)
  eden space 27648K, 100% used [0x00000000dc800000,0x00000000de300000,0x00000000de300000)
  from space 4608K, 55% used [0x00000000de780000,0x00000000dea02b80,0x00000000dec00000)
  to   space 4608K, 0% used [0x00000000de300000,0x00000000de300000,0x00000000de780000)
 ParOldGen       total 73728K, used 24K [0x0000000095800000, 0x000000009a000000, 0x00000000dc800000)
  object space 73728K, 0% used [0x0000000095800000,0x0000000095806000,0x000000009a000000)
 Metaspace       used 10320K, capacity 10576K, committed 10880K, reserved 1058816K
  class space    used 1232K, capacity 1339K, committed 1408K, reserved 1048576K
Event: 2.191 GC heap after
Heap after GC invocations=3 (full 0):
 PSYoungGen      total 32256K, used 2842K [0x00000000dc800000, 0x00000000e0700000, 0x0000000100000000)
  eden space 27648K, 0% used [0x00000000dc800000,0x00000000dc800000,0x00000000de300000)
  from space 4608K, 61% used [0x00000000de300000,0x00000000de5c6b90,0x00000000de780000)
  to   space 4608K, 0% used [0x00000000e0280000,0x00000000e0280000,0x00000000e0700000)
 ParOldGen       total 73728K, used 32K [0x0000000095800000, 0x000000009a000000, 0x00000000dc800000)
  object space 73728K, 0% used [0x0000000095800000,0x0000000095808000,0x000000009a000000)
 Metaspace       used 10320K, capacity 10576K, committed 10880K, reserved 1058816K
  class space    used 1232K, capacity 1339K, committed 1408K, reserved 1048576K
}

Deoptimization events (10 events):
Event: 2.175 Thread 0x0000000002ca1000 Uncommon trap: reason=unstable_if action=reinterpret pc=0x000000000313b01c method=sun.misc.MetaIndex.mayContain(Ljava/lang/String;)Z @ 38
Event: 2.176 Thread 0x0000000002ca1000 Uncommon trap: reason=class_check action=maybe_recompile pc=0x0000000003098448 method=java.net.URL.openConnection()Ljava/net/URLConnection; @ 5
Event: 2.238 Thread 0x0000000002ca1000 Uncommon trap: reason=range_check action=make_not_entrant pc=0x000000000310a4e0 method=sun.reflect.generics.parser.SignatureParser.current()C @ 34
Event: 2.249 Thread 0x0000000002ca1000 Uncommon trap: reason=class_check action=maybe_recompile pc=0x0000000003149f70 method=java.util.HashMap.putVal(ILjava/lang/Object;Ljava/lang/Object;ZZ)Ljava/lang/Object; @ 203
Event: 2.249 Thread 0x0000000002ca1000 Uncommon trap: reason=class_check action=maybe_recompile pc=0x0000000003149f70 method=java.util.HashMap.putVal(ILjava/lang/Object;Ljava/lang/Object;ZZ)Ljava/lang/Object; @ 203
Event: 2.259 Thread 0x0000000002ca1000 Uncommon trap: reason=class_check action=maybe_recompile pc=0x0000000003155aec method=java.util.HashMap.putVal(ILjava/lang/Object;Ljava/lang/Object;ZZ)Ljava/lang/Object; @ 203
Event: 2.517 Thread 0x00000000193d3000 Uncommon trap: reason=class_check action=maybe_recompile pc=0x0000000003182da4 method=java.util.concurrent.ConcurrentHashMap.putVal(Ljava/lang/Object;Ljava/lang/Object;Z)Ljava/lang/Object; @ 192
Event: 2.552 Thread 0x0000000002ca1000 Uncommon trap: reason=class_check action=maybe_recompile pc=0x0000000003182da4 method=java.util.concurrent.ConcurrentHashMap.putVal(Ljava/lang/Object;Ljava/lang/Object;Z)Ljava/lang/Object; @ 192
Event: 2.588 Thread 0x0000000002ca1000 Uncommon trap: reason=unstable_if action=reinterpret pc=0x0000000003155b78 method=java.util.HashMap.hash(Ljava/lang/Object;)I @ 1
Event: 2.590 Thread 0x00000000193d3000 Uncommon trap: reason=unstable_if action=reinterpret pc=0x0000000003182ce4 method=java.util.concurrent.ConcurrentHashMap.putVal(Ljava/lang/Object;Ljava/lang/Object;Z)Ljava/lang/Object; @ 98

Classes redefined (0 events):
No events

Internal exceptions (10 events):
Event: 2.239 Thread 0x0000000002ca1000 Exception <a 'java/lang/ArrayIndexOutOfBoundsException': 18> (0x00000000dc843840) thrown at [C:\ade\jenkins\workspace\8-2-build-windows-amd64-cygwin\jdk8u241\331\hotspot\src\share\vm\interpreter\interpreterRuntime.cpp, line 368]
Event: 2.240 Thread 0x0000000002ca1000 Exception <a 'java/lang/ArrayIndexOutOfBoundsException': 60> (0x00000000dc8449e0) thrown at [C:\ade\jenkins\workspace\8-2-build-windows-amd64-cygwin\jdk8u241\331\hotspot\src\share\vm\interpreter\interpreterRuntime.cpp, line 368]
Event: 2.468 Thread 0x0000000002ca1000 Exception <a 'java/lang/NoSuchMethodError': org.slf4j.impl.StaticMarkerBinder.getSingleton()Lorg/slf4j/impl/StaticMarkerBinder;> (0x00000000dd5b2ec0) thrown at [C:\ade\jenkins\workspace\8-2-build-windows-amd64-cygwin\jdk8u241\331\hotspot\src\share\vm\inte
Event: 2.549 Thread 0x0000000002ca1000 Exception <a 'java/lang/IllegalArgumentException'> (0x00000000dde6ab58) thrown at [C:\ade\jenkins\workspace\8-2-build-windows-amd64-cygwin\jdk8u241\331\hotspot\src\share\vm\prims\jvm.cpp, line 1506]
Event: 2.551 Thread 0x0000000002ca1000 Exception <a 'java/lang/IllegalArgumentException'> (0x00000000dde6e7c0) thrown at [C:\ade\jenkins\workspace\8-2-build-windows-amd64-cygwin\jdk8u241\331\hotspot\src\share\vm\prims\jvm.cpp, line 1506]
Event: 2.555 Thread 0x00000000193d3000 Exception <a 'java/lang/IllegalArgumentException'> (0x00000000ddf527f8) thrown at [C:\ade\jenkins\workspace\8-2-build-windows-amd64-cygwin\jdk8u241\331\hotspot\src\share\vm\prims\jvm.cpp, line 1506]
Event: 2.558 Thread 0x0000000002ca1000 Exception <a 'java/lang/IllegalArgumentException'> (0x00000000ddea1028) thrown at [C:\ade\jenkins\workspace\8-2-build-windows-amd64-cygwin\jdk8u241\331\hotspot\src\share\vm\prims\jvm.cpp, line 1506]
Event: 2.588 Thread 0x0000000002ca1000 Implicit null exception at 0x000000000315557b to 0x0000000003155b5d
Event: 2.606 Thread 0x00000000193d3000 Exception <a 'java/lang/NoClassDefFoundError': javax/validation/Validation> (0x00000000de18ed20) thrown at [C:\ade\jenkins\workspace\8-2-build-windows-amd64-cygwin\jdk8u241\331\hotspot\src\share\vm\classfile\systemDictionary.cpp, line 199]
Event: 2.608 Thread 0x00000000193d3000 Exception <a 'java/lang/NoClassDefFoundError': org/springframework/http/converter/support/AllEncompassingFormHttpMessageConverter> (0x00000000de1f7740) thrown at [C:\ade\jenkins\workspace\8-2-build-windows-amd64-cygwin\jdk8u241\331\hotspot\src\share\vm\cl

Events (10 events):
Event: 2.607 loading class org/springframework/boot/convert/InetAddressFormatter
Event: 2.607 loading class org/springframework/http/converter/support/AllEncompassingFormHttpMessageConverter
Event: 2.607 loading class org/springframework/boot/convert/InetAddressFormatter done
Event: 2.607 loading class org/springframework/http/converter/support/AllEncompassingFormHttpMessageConverter done
Event: 2.608 loading class org/springframework/boot/autoconfigure/BackgroundPreinitializer$JacksonInitializer
Event: 2.608 loading class org/springframework/boot/autoconfigure/BackgroundPreinitializer$JacksonInitializer done
Event: 2.609 loading class org/springframework/boot/convert/IsoOffsetFormatter
Event: 2.609 loading class org/springframework/boot/convert/IsoOffsetFormatter done
Event: 2.609 loading class org/springframework/http/converter/json/Jackson2ObjectMapperBuilder
Event: 2.609 loading class org/springframework/http/converter/json/Jackson2ObjectMapperBuilder done


Dynamic libraries:
0x00007ff7eccb0000 - 0x00007ff7ecce7000 	C:\Program Files (x86)\Common Files\Oracle\Java\javapath\java.exe
0x00007ffb55880000 - 0x00007ffb55a70000 	C:\Windows\SYSTEM32\ntdll.dll
0x00007ffb541b0000 - 0x00007ffb54262000 	C:\Windows\System32\KERNEL32.DLL
0x00007ffb52810000 - 0x00007ffb52ab3000 	C:\Windows\System32\KERNELBASE.dll
0x00007ffb55610000 - 0x00007ffb556b3000 	C:\Windows\System32\ADVAPI32.dll
0x00007ffb54280000 - 0x00007ffb5431e000 	C:\Windows\System32\msvcrt.dll
0x00007ffb55550000 - 0x00007ffb555e7000 	C:\Windows\System32\sechost.dll
0x00007ffb556c0000 - 0x00007ffb557e0000 	C:\Windows\System32\RPCRT4.dll
0x00007ffb552d0000 - 0x00007ffb55464000 	C:\Windows\System32\USER32.dll
0x00007ffb53880000 - 0x00007ffb538a1000 	C:\Windows\System32\win32u.dll
0x00007ffb54450000 - 0x00007ffb54476000 	C:\Windows\System32\GDI32.dll
0x00007ffb52ac0000 - 0x00007ffb52c54000 	C:\Windows\System32\gdi32full.dll
0x00007ffb536e0000 - 0x00007ffb5377e000 	C:\Windows\System32\msvcp_win.dll
0x00007ffb53530000 - 0x00007ffb5362a000 	C:\Windows\System32\ucrtbase.dll
0x00007ffb425b0000 - 0x00007ffb42835000 	C:\Windows\WinSxS\amd64_microsoft.windows.common-controls_6595b64144ccf1df_6.0.18362.720_none_e6beb5c51314836b\COMCTL32.dll
0x00007ffb54cd0000 - 0x00007ffb55006000 	C:\Windows\System32\combase.dll
0x00007ffb538b0000 - 0x00007ffb53930000 	C:\Windows\System32\bcryptPrimitives.dll
0x00007ffb539e0000 - 0x00007ffb53a0e000 	C:\Windows\System32\IMM32.DLL
0x000000006cf00000 - 0x000000006cfd2000 	C:\Program Files\Java\jre1.8.0_241\bin\msvcr100.dll
0x000000006c650000 - 0x000000006cefc000 	C:\Program Files\Java\jre1.8.0_241\bin\server\jvm.dll
0x00007ffb55240000 - 0x00007ffb55248000 	C:\Windows\System32\PSAPI.DLL
0x00007ffb48fe0000 - 0x00007ffb48fea000 	C:\Windows\SYSTEM32\VERSION.dll
0x00007ffb50950000 - 0x00007ffb50974000 	C:\Windows\SYSTEM32\WINMM.dll
0x00007ffb4cfa0000 - 0x00007ffb4cfa9000 	C:\Windows\SYSTEM32\WSOCK32.dll
0x00007ffb55170000 - 0x00007ffb551df000 	C:\Windows\System32\WS2_32.dll
0x00007ffb50920000 - 0x00007ffb5094d000 	C:\Windows\SYSTEM32\WINMMBASE.dll
0x00007ffb53830000 - 0x00007ffb5387a000 	C:\Windows\System32\cfgmgr32.dll
0x00007ffb4cf90000 - 0x00007ffb4cf9f000 	C:\Program Files\Java\jre1.8.0_241\bin\verify.dll
0x00007ffb4c710000 - 0x00007ffb4c739000 	C:\Program Files\Java\jre1.8.0_241\bin\java.dll
0x00007ffb4cf10000 - 0x00007ffb4cf26000 	C:\Program Files\Java\jre1.8.0_241\bin\zip.dll
0x00007ffb53ac0000 - 0x00007ffb541a5000 	C:\Windows\System32\SHELL32.dll
0x00007ffb53a10000 - 0x00007ffb53ab9000 	C:\Windows\System32\shcore.dll
0x00007ffb52db0000 - 0x00007ffb53530000 	C:\Windows\System32\windows.storage.dll
0x00007ffb527e0000 - 0x00007ffb52803000 	C:\Windows\System32\profapi.dll
0x00007ffb52770000 - 0x00007ffb527ba000 	C:\Windows\System32\powrprof.dll
0x00007ffb52740000 - 0x00007ffb52750000 	C:\Windows\System32\UMPDC.dll
0x00007ffb557e0000 - 0x00007ffb55832000 	C:\Windows\System32\shlwapi.dll
0x00007ffb52750000 - 0x00007ffb52761000 	C:\Windows\System32\kernel.appcore.dll
0x00007ffb53780000 - 0x00007ffb53797000 	C:\Windows\System32\cryptsp.dll
0x00007ffb4ceb0000 - 0x00007ffb4cebd000 	C:\Program Files\Java\jre1.8.0_241\bin\management.dll
0x00007ffb4c6f0000 - 0x00007ffb4c70a000 	C:\Program Files\Java\jre1.8.0_241\bin\net.dll
0x00007ffb51f50000 - 0x00007ffb51fb7000 	C:\Windows\system32\mswsock.dll
0x00007ffb50a30000 - 0x00007ffb50a46000 	C:\Windows\system32\napinsp.dll
0x00007ffb4cfd0000 - 0x00007ffb4cfea000 	C:\Windows\system32\pnrpnsp.dll
0x00007ffb51ca0000 - 0x00007ffb51d6a000 	C:\Windows\SYSTEM32\DNSAPI.dll
0x00007ffb54270000 - 0x00007ffb54278000 	C:\Windows\System32\NSI.dll
0x00007ffb51c60000 - 0x00007ffb51c9a000 	C:\Windows\SYSTEM32\IPHLPAPI.DLL
0x00007ffb50980000 - 0x00007ffb5098e000 	C:\Windows\System32\winrnr.dll
0x00007ffb4eb20000 - 0x00007ffb4eb3c000 	C:\Windows\system32\NLAapi.dll
0x00007ffb4c8f0000 - 0x00007ffb4c905000 	C:\Windows\system32\wshbth.dll
0x00007ffb48090000 - 0x00007ffb4809a000 	C:\Windows\System32\rasadhlp.dll
0x00007ffb49160000 - 0x00007ffb491d7000 	C:\Windows\System32\fwpuclnt.dll
0x00007ffb537a0000 - 0x00007ffb537c6000 	C:\Windows\System32\bcrypt.dll
0x00007ffb49350000 - 0x00007ffb49366000 	C:\Windows\SYSTEM32\dhcpcsvc6.DLL
0x00007ffb49330000 - 0x00007ffb4934c000 	C:\Windows\SYSTEM32\dhcpcsvc.DLL
0x00007ffb51ac0000 - 0x00007ffb51af3000 	C:\Windows\system32\rsaenh.dll
0x00007ffb52660000 - 0x00007ffb52685000 	C:\Windows\SYSTEM32\USERENV.dll
0x00007ffb52120000 - 0x00007ffb5212c000 	C:\Windows\SYSTEM32\CRYPTBASE.dll
0x00007ffb4c570000 - 0x00007ffb4c582000 	C:\Program Files\Java\jre1.8.0_241\bin\nio.dll

VM Arguments:
java_command: zipkin-server-2.21.1-exec.jar
java_class_path (initial): zipkin-server-2.21.1-exec.jar
Launcher Type: SUN_STANDARD

Environment Variables:
JAVA_HOME=C:\Program Files\Java\jdk1.8.0_241\bin
PATH=C:\Program Files (x86)\Common Files\Oracle\Java\javapath;C:\Windows\system32;C:\Windows;C:\Windows\System32\Wbem;C:\Windows\System32\WindowsPowerShell\v1.0\;C:\Windows\System32\OpenSSH\;C:\Program Files\Java\jdk1.8.0_241\bin;C:\Program Files\Git\cmd;C:\Users\Chatt\AppData\Local\Microsoft\WindowsApps;
USERNAME=Chatt
OS=Windows_NT
PROCESSOR_IDENTIFIER=Intel64 Family 6 Model 69 Stepping 1, GenuineIntel



---------------  S Y S T E M  ---------------

OS: Windows 10.0 , 64 bit Build 18362 (10.0.18362.329)

CPU:total 4 (initial active 4) (2 cores per cpu, 2 threads per core) family 6 model 69 stepping 1, cmov, cx8, fxsr, mmx, sse, sse2, sse3, ssse3, sse4.1, sse4.2, popcnt, avx, avx2, aes, clmul, erms, lzcnt, ht, tsc, tscinvbit, bmi1, bmi2

Memory: 4k page, physical 6977816k(1116100k free), swap 27949336k(4116k free)

vm_info: Java HotSpot(TM) 64-Bit Server VM (25.241-b07) for windows-amd64 JRE (1.8.0_241-b07), built on Dec 11 2019 10:21:40 by "rejava" with MS VC++ 10.0 (VS2010)

time: Sun Apr 19 20:57:03 2020
timezone: India Standard Time
elapsed time: 2 seconds (0d 0h 0m 2s)

